Flow report for MultiSim
Tue Sep 07 21:58:24 2021
Quartus II 64-Bit Version 13.0.1 Build 232 06/12/2013 Service Pack 1 SJ Web Edition


---------------------
; Table of Contents ;
---------------------
  1. Legal Notice
  2. Flow Summary
  3. Flow Settings
  4. Flow Non-Default Global Settings
  5. Flow Elapsed Time
  6. Flow OS Summary
  7. Flow Log
  8. Flow Messages
  9. Flow Suppressed Messages



----------------
; Legal Notice ;
----------------
Copyright (C) 1991-2013 Altera Corporation
Your use of Altera Corporation's design tools, logic functions 
and other software and tools, and its AMPP partner logic 
functions, and any output files from any of the foregoing 
(including device programming or simulation files), and any 
associated documentation or information are expressly subject 
to the terms and conditions of the Altera Program License 
Subscription Agreement, Altera MegaCore Function License 
Agreement, or other applicable license agreement, including, 
without limitation, that your use is for the sole purpose of 
programming logic devices manufactured by Altera and sold by 
Altera or its authorized distributors.  Please refer to the 
applicable agreement for further details.



+-----------------------------------------------------------------------------+
; Flow Summary                                                                ;
+---------------------------+-------------------------------------------------+
; Flow Status               ; Successful - Tue Sep 07 21:58:24 2021           ;
; Quartus II 64-Bit Version ; 13.0.1 Build 232 06/12/2013 SP 1 SJ Web Edition ;
; Revision Name             ; MultiSim                                        ;
; Top-level Entity Name     ; MultiSim                                        ;
; Family                    ; MAX3000A                                        ;
; Total macrocells          ; 4 / 32 ( 13 % )                                 ;
; Total pins                ; 9 / 34 ( 26 % )                                 ;
; Device                    ; EPM3032ALC44-4                                  ;
; Timing Models             ; Final                                           ;
+---------------------------+-------------------------------------------------+


+-----------------------------------------+
; Flow Settings                           ;
+-------------------+---------------------+
; Option            ; Setting             ;
+-------------------+---------------------+
; Start date & time ; 09/07/2021 21:58:19 ;
; Main task         ; Compilation         ;
; Revision Name     ; MultiSim            ;
+-------------------+---------------------+


+----------------------------------------------------------------------------------------------------------+
; Flow Non-Default Global Settings                                                                         ;
+--------------------------+--------------------------------+---------------+-------------+----------------+
; Assignment Name          ; Value                          ; Default Value ; Entity Name ; Section Id     ;
+--------------------------+--------------------------------+---------------+-------------+----------------+
; COMPILER_SIGNATURE_ID    ; 49410864565568.163102309909708 ; --            ; --          ; --             ;
; EDA_OUTPUT_DATA_FORMAT   ; Verilog Hdl                    ; --            ; --          ; eda_simulation ;
; EDA_SIMULATION_TOOL      ; ModelSim (Verilog)             ; <None>        ; --          ; --             ;
; EDA_TIME_SCALE           ; 1 ps                           ; --            ; --          ; eda_simulation ;
; FITTER_EFFORT            ; Standard Fit                   ; Auto Fit      ; --          ; --             ;
; OPTIMIZE_HOLD_TIMING     ; Off                            ; --            ; --          ; --             ;
; PROJECT_OUTPUT_DIRECTORY ; output_files                   ; --            ; --          ; --             ;
+--------------------------+--------------------------------+---------------+-------------+----------------+


+-------------------------------------------------------------------------------------------------------------------------------+
; Flow Elapsed Time                                                                                                             ;
+---------------------------+--------------+-------------------------+---------------------+------------------------------------+
; Module Name               ; Elapsed Time ; Average Processors Used ; Peak Virtual Memory ; Total CPU Time (on all processors) ;
+---------------------------+--------------+-------------------------+---------------------+------------------------------------+
; Analysis & Synthesis      ; 00:00:01     ; 1.0                     ; 4610 MB             ; 00:00:01                           ;
; Fitter                    ; 00:00:01     ; 1.0                     ; 4675 MB             ; 00:00:00                           ;
; Assembler                 ; 00:00:01     ; 1.0                     ; 4511 MB             ; 00:00:00                           ;
; TimeQuest Timing Analyzer ; 00:00:01     ; 1.0                     ; 4504 MB             ; 00:00:00                           ;
; EDA Netlist Writer        ; 00:00:01     ; 1.0                     ; 4467 MB             ; 00:00:00                           ;
; Total                     ; 00:00:05     ; --                      ; --                  ; 00:00:01                           ;
+---------------------------+--------------+-------------------------+---------------------+------------------------------------+


+----------------------------------------------------------------------------------------+
; Flow OS Summary                                                                        ;
+---------------------------+------------------+-----------+------------+----------------+
; Module Name               ; Machine Hostname ; OS Name   ; OS Version ; Processor type ;
+---------------------------+------------------+-----------+------------+----------------+
; Analysis & Synthesis      ; Centurion-Heavy  ; Windows 7 ; 6.2        ; x86_64         ;
; Fitter                    ; Centurion-Heavy  ; Windows 7 ; 6.2        ; x86_64         ;
; Assembler                 ; Centurion-Heavy  ; Windows 7 ; 6.2        ; x86_64         ;
; TimeQuest Timing Analyzer ; Centurion-Heavy  ; Windows 7 ; 6.2        ; x86_64         ;
; EDA Netlist Writer        ; Centurion-Heavy  ; Windows 7 ; 6.2        ; x86_64         ;
+---------------------------+------------------+-----------+------------+----------------+


------------
; Flow Log ;
------------
quartus_map --read_settings_files=on --write_settings_files=off MultiSim -c MultiSim
quartus_fit --read_settings_files=off --write_settings_files=off MultiSim -c MultiSim
quartus_asm --read_settings_files=off --write_settings_files=off MultiSim -c MultiSim
quartus_sta MultiSim -c MultiSim
quartus_eda --read_settings_files=off --write_settings_files=off MultiSim -c MultiSim



